<?xml version="1.0" encoding="UTF-8"?>
<testng-results skipped="0" failed="0" ignored="0" total="1" passed="1">
  <reporter-output>
  </reporter-output>
  <suite name="Default suite" duration-ms="17392" started-at="2021-10-04T11:03:20Z" finished-at="2021-10-04T11:03:38Z">
    <groups>
    </groups>
    <test name="Default test" duration-ms="17392" started-at="2021-10-04T11:03:20Z" finished-at="2021-10-04T11:03:38Z">
      <class name="Login.TC8">
        <test-method status="PASS" signature="beforeTest()[pri:0, instance:Login.TC8@4df50bcc]" name="beforeTest" is-config="true" duration-ms="2375" started-at="2021-10-04T11:03:20Z" finished-at="2021-10-04T11:03:23Z">
          <reporter-output>
          </reporter-output>
        </test-method> <!-- beforeTest -->
        <test-method status="PASS" signature="TC8()[pri:8, instance:Login.TC8@4df50bcc]" name="TC8" duration-ms="12132" started-at="2021-10-04T11:03:23Z" finished-at="2021-10-04T11:03:35Z">
          <reporter-output>
          </reporter-output>
        </test-method> <!-- TC8 -->
        <test-method status="PASS" signature="afterTest()[pri:0, instance:Login.TC8@4df50bcc]" name="afterTest" is-config="true" duration-ms="2858" started-at="2021-10-04T11:03:35Z" finished-at="2021-10-04T11:03:38Z">
          <reporter-output>
          </reporter-output>
        </test-method> <!-- afterTest -->
      </class> <!-- Login.TC8 -->
    </test> <!-- Default test -->
  </suite> <!-- Default suite -->
</testng-results>
